0 silly argv {
0 silly argv   _: [ 'run' ],
0 silly argv   scope: '@webb-tools/contracts',
0 silly argv   lernaVersion: '5.6.2',
0 silly argv   '$0': '/Users/akileshtangella/Documents/webb-tools/protocol-solidity/node_modules/.bin/lerna',
0 silly argv   script: 'compile'
0 silly argv }
1 notice cli v5.6.2
2 verbose rootPath /Users/akileshtangella/Documents/webb-tools/protocol-solidity
3 info versioning independent
4 error Error: Invalid package name "packages/create2-utils": name can only contain URL-friendly characters
4 error     at invalidPackageName (/Users/akileshtangella/Documents/webb-tools/protocol-solidity/node_modules/npm-package-arg/npa.js:89:15)
4 error     at Result.setName (/Users/akileshtangella/Documents/webb-tools/protocol-solidity/node_modules/npm-package-arg/npa.js:124:11)
4 error     at new Result (/Users/akileshtangella/Documents/webb-tools/protocol-solidity/node_modules/npm-package-arg/npa.js:114:23)
4 error     at Function.resolve (/Users/akileshtangella/Documents/webb-tools/protocol-solidity/node_modules/npm-package-arg/npa.js:61:15)
4 error     at /Users/akileshtangella/Documents/webb-tools/protocol-solidity/node_modules/@lerna/package-graph/index.js:89:30
4 error     at Array.forEach (<anonymous>)
4 error     at /Users/akileshtangella/Documents/webb-tools/protocol-solidity/node_modules/@lerna/package-graph/index.js:60:38
4 error     at Map.forEach (<anonymous>)
4 error     at new PackageGraph (/Users/akileshtangella/Documents/webb-tools/protocol-solidity/node_modules/@lerna/package-graph/index.js:49:10)
